<?xml version="1.0" encoding="UTF-8"?>
<!-- Generated by org.testng.reporters.JUnitReportReporter -->
<testsuite hostname="DESKTOP-62GAKGO" failures="0" tests="5" name="com.test.TestCase" time="4.712" errors="0" timestamp="2023-02-02T23:27:13 IST" skipped="4">
  <testcase classname="com.test.TestCase" name="getData" time="4.712"/>
  <system-out/>
  <testcase classname="com.test.TestCase" name="putData">
    <skipped/>
  </testcase> <!-- putData -->
  <system-out/>
  <testcase classname="com.test.TestCase" name="display">
    <skipped/>
  </testcase> <!-- display -->
  <system-out/>
  <testcase classname="com.test.TestCase" name="postData">
    <skipped/>
  </testcase> <!-- postData -->
  <system-out/>
  <testcase classname="com.test.TestCase" name="deleteData">
    <skipped/>
  </testcase> <!-- deleteData -->
  <system-out/>
</testsuite> <!-- com.test.TestCase -->
