<?xml version="1.0" encoding="UTF-8"?>
<!-- Generated by org.testng.reporters.JUnitReportReporter -->
<testsuite hostname="DESKTOP-62GAKGO" failures="0" tests="2" name="com.test.ParseJson" time="8.056" errors="0" timestamp="2023-02-03T22:05:01 IST" skipped="1">
  <testcase classname="com.test.ParseJson" name="parsexml" time="8.056"/>
  <system-out/>
  <testcase classname="com.test.ParseJson" name="parseJson">
    <skipped/>
  </testcase> <!-- parseJson -->
  <system-out/>
</testsuite> <!-- com.test.ParseJson -->
