<?xml version="1.0" encoding="UTF-8"?>
<!-- Generated by org.testng.reporters.JUnitReportReporter -->
<testsuite hostname="DESKTOP-62GAKGO" failures="0" tests="5" name="com.test.ParseJson" time="6.974" errors="0" timestamp="2023-02-04T21:12:07 IST" skipped="4">
  <testcase classname="com.test.ParseJson" name="premptiveauthenticationxml" time="6.974"/>
  <system-out/>
  <testcase classname="com.test.ParseJson" name="parsexml">
    <skipped/>
  </testcase> <!-- parsexml -->
  <system-out/>
  <testcase classname="com.test.ParseJson" name="parseJson">
    <skipped/>
  </testcase> <!-- parseJson -->
  <system-out/>
  <testcase classname="com.test.ParseJson" name="authenticationxml">
    <skipped/>
  </testcase> <!-- authenticationxml -->
  <system-out/>
  <testcase classname="com.test.ParseJson" name="bearertokenauthenticationxml">
    <skipped/>
  </testcase> <!-- bearertokenauthenticationxml -->
  <system-out/>
</testsuite> <!-- com.test.ParseJson -->
